0 silly input [ 'build' ]
1 silly flags { _: [ 'run' ],
1 silly flags   'reject-cycles': false,
1 silly flags   rejectCycles: false,
1 silly flags   script: 'build',
1 silly flags   args: [] }
2 verbose rootPath /Users/orie/Code/lerna-transmute
3 info version 2.5.1
4 info versioning independent
5 silly existsSync /Users/orie/Code/lerna-transmute/VERSION
6 silly initialize attempt
7 silly initialize success
8 silly execute attempt
9 silly runScriptInDir build [] transmute-framework
10 silly getExecOpts { cwd: '/Users/orie/Code/lerna-transmute/packages/transmute-framework' }
11 error build Errored while running script in 'transmute-framework'
12 error execute callback with error
13 error Error: Command failed: npm run build
13 error PASS src/Toolbox/ECRecover/Signature.spec.ts
13 error PASS src/TransmuteIpfs/TransmuteIpfs.spec.ts
13 error PASS src/transmute-framework.spec.ts (5.185s)
13 error PASS src/EventStore/Utils/Common.spec.ts
13 error PASS src/EventStore/Persistence/LocalStore/LocalStore.spec.ts
13 error PASS src/Toolbox/Firebase.spec.ts
13 error PASS src/Toolbox/Toolbox.spec.ts
13 error PASS src/Toolbox/ECRecover/Util.spec.ts
13 error PASS src/EventStore/EventStore.spec.ts (6.86s)
13 error PASS src/EventStore/ReadModel/PatchLogic/PatchLogic.spec.ts (7.982s)
13 error PASS src/EventStore/Permissions/Permissions.spec.ts (8.991s)
13 error PASS src/EventStore/Factory/Factory.spec.ts (9.112s)
13 error PASS src/EventStore/ReadModel/ReadModel.spec.ts (12.337s)
13 error
13 error Test Suites: 13 passed, 13 total
13 error Tests:       95 passed, 95 total
13 error Snapshots:   0 total
13 error Time:        13.502s
13 error Ran all test suites.
13 error npm ERR! code ELIFECYCLE
13 error npm ERR! errno 2
13 error npm ERR! transmute-framework@0.1.50 build: ` tsc && tsc --target es2017 --outDir lib-esm && webpack && webpack --env.prod`
13 error npm ERR! Exit status 2
13 error npm ERR!
13 error npm ERR! Failed at the transmute-framework@0.1.50 build script.
13 error npm ERR! This is probably not a problem with npm. There is likely additional logging output above.
13 error
13 error > transmute-framework@0.1.50 prebuild /Users/orie/Code/lerna-transmute/packages/transmute-framework
13 error > npm run cleanup && npm run verify
13 error
13 error
13 error > transmute-framework@0.1.50 cleanup /Users/orie/Code/lerna-transmute/packages/transmute-framework
13 error > shx rm -rf umd lib lib-esm lib-fesm typings coverage docs
13 error
13 error
13 error > transmute-framework@0.1.50 verify /Users/orie/Code/lerna-transmute/packages/transmute-framework
13 error > npm run test:coverage
13 error
13 error
13 error > transmute-framework@0.1.50 test:coverage /Users/orie/Code/lerna-transmute/packages/transmute-framework
13 error > npm test -- --coverage
13 error
13 error
13 error > transmute-framework@0.1.50 test /Users/orie/Code/lerna-transmute/packages/transmute-framework
13 error > npm run test:jest "--coverage"
13 error
13 error
13 error > transmute-framework@0.1.50 test:jest /Users/orie/Code/lerna-transmute/packages/transmute-framework
13 error > jest --forceExit
13 error
13 error
13 error > transmute-framework@0.1.50 build /Users/orie/Code/lerna-transmute/packages/transmute-framework
13 error >  tsc && tsc --target es2017 --outDir lib-esm && webpack && webpack --env.prod
13 error
13 error
13 error [100;30m241[0m       if (l === 0) result[prop] = []
13 error [100;30m   [0m [91m          ~[0m
13 error
13 error src/EventStore/Utils/Common.ts(241,11): [91merror[0m TS2304: Cannot find name 'l'.
13 error
13 error
13 error     at Promise.all.then.arr (/Users/orie/.config/yarn/global/node_modules/lerna/node_modules/execa/index.js:236:11)
13 error     at <anonymous>
